Processing diffXSecResAcc.C+...
Filling Collisions Data Events
Loop over the 7039 entries ...
event 0
 DONE!
filling TTbar+Jets events
Loop over the 22875 entries ...
event 0
 DONE!
filling ZToTauTau events
Loop over the 329 entries ...
event 0
 DONE!
filling WZ events
Loop over the 33386 entries ...
event 0
 DONE!
filling ZZ events
Loop over the 55476 entries ...
event 0
 DONE!
filling WW events
Loop over the 5853 entries ...
event 0
 DONE!
filling WJetsToLNu events
Loop over the 0 entries ...
 DONE!

Data+Bkg after selection 
1	519		22.7816
2	967		31.0966
3	911		30.1828
4	718		26.7955
5	615		24.7992
6	461		21.4709
7	397		19.9249
8	319		17.8606
9	834		28.8791
10	455		21.3307
11	278		16.6733
12	297		17.2337
13	124		11.1355
14	59		7.68115
15	48		6.9282
16	21		4.58258
17	5		2.23607
18	6		2.44949
 Total Data 	7034

Subtract the bkg 
518.554		22.7818
966.037		31.0969
909.939		30.1832
716.526		26.796
613.602		24.7996
459.71		21.4713
395.631		19.9252
317.947		17.8608
829.856		28.8794
451.014		21.331
274.386		16.6735
291.008		17.2339
120.173		11.1356
56.7553		7.68126
46.1695		6.92829
20.4591		4.5826
4.74415		2.23608
5.85218		2.4495
 Total 	6998.36

Effi Corr numbers
hEffvsPt 			1	0.864134
hEffvsPt 			2	0.866431
hEffvsPt 			3	0.86496
hEffvsPt 			4	0.863213
hEffvsPt 			5	0.856792
hEffvsPt 			6	0.856005
hEffvsPt 			7	0.8563
hEffvsPt 			8	0.850273
hEffvsPt 			9	0.845361
hEffvsPt 			10	0.83986
hEffvsPt 			11	0.838304
hEffvsPt 			12	0.83904
hEffvsPt 			13	0.842499
hEffvsPt 			14	0.859289
hEffvsPt 			15	0.868709
hEffvsPt 			16	0.867263
hEffvsPt 			17	0.869083
hEffvsPt 			18	0.512295

Data After Correct for  Eff  
600.085		26.9612
1114.96		36.5433
1052		35.4604
830.068		31.5188
716.162		29.4231
537.041		25.4743
462.024		23.6534
373.935		21.3528
981.659		34.7358
537.011		25.8333
327.311		20.2453
346.834		20.9227
142.639		13.4497
66.0491		9.09631
53.1473		8.12191
23.5904		5.41229
5.45879		2.59879
11.4234		4.96525
 Total 	8181.4

 After Correct for  Unfolding Resolution 
641.332		33.7128
1100.95		46.7158
1053.79		45.7752
804.665		40.8369
731.82		38.4174
516.198		33.2778
473.099		31.3221
364.513		27.9692
983.133		37.3984
536.354		27.8288
325.983		22.0504
347.185		22.0671
143.108		14.5016
65.5857		9.96157
52.8289		8.63183
24.0568		5.86446
4.95646		2.88456
11.8384		5.22199
 Total 	8181.39

After FSR correction 
682.757		37.7383
1131.67		51.9091
1061.95		50.8778
789.873		45.6727
726.111		42.9076
492.814		37.0839
460.524		34.9406
350.853		31.1642
961.589		39.2429
532.466		29.216
329.296		23.3506
352.747		22.9646
145.448		15.171
67.082		10.5114
54.0626		9.04859
25.0404		6.1784
4.40732		3.0343
12.7016		5.60278
 Total 	8181.39


Normalized DiffXsec and normalized Stat error Only
 1)  1.25 | 0.03338098 +/- 0.00184508 
 2)  3.75 | 0.05532895 +/- 0.00253791 
 3)  6.25 | 0.05192021 +/- 0.00248749 
 4)  8.75 | 0.03861802 +/- 0.00223300 
 5) 11.25 | 0.03550062 +/- 0.00209782 
 6) 13.75 | 0.02409441 +/- 0.00181309 
 7) 16.25 | 0.02251570 +/- 0.00170830 
 8) 18.75 | 0.01715371 +/- 0.00152366 
 9) 25.00 | 0.01175338 +/- 0.00047966 
10) 35.00 | 0.00650825 +/- 0.00035710 
11) 45.00 | 0.00402494 +/- 0.00028541 
12) 60.00 | 0.00215579 +/- 0.00014035 
13) 80.00 | 0.00088889 +/- 0.00009272 
14) 100.00 | 0.00040997 +/- 0.00006424 
15) 130.00 | 0.00016520 +/- 0.00002765 
16) 170.00 | 0.00007652 +/- 0.00001888 
17) 220.00 | 0.00000898 +/- 0.00000618 
18) 425.00 | 0.00000444 +/- 0.00000196 

Normalized Data and Total Uncertainty --> sqrt(stat^2 + syst^2


 1 & 0.0-2.5 & 0.03338098 & +0.00205960  & -0.00205948  \\
\hline
 2 & 2.5-5.0 & 0.05532895 & +0.00265102  & -0.00265081  \\
\hline
 3 & 5.0-7.5 & 0.05192021 & +0.00250086  & -0.00250066  \\
\hline
 4 & 7.5-10.0 & 0.03861802 & +0.00229178  & -0.00229172  \\
\hline
 5 & 10.0-12.5 & 0.03550062 & +0.00216102  & -0.00216097  \\
\hline
 6 & 12.5-15.0 & 0.02409441 & +0.00189773  & -0.00189772  \\
\hline
 7 & 15.0-17.5 & 0.02251570 & +0.00173310  & -0.00173310  \\
\hline
 8 & 17.5-20.0 & 0.01715371 & +0.00154966  & -0.00154965  \\
\hline
 9 & 20.0-30.0 & 0.01175338 & +0.00048213  & -0.00048213  \\
\hline
10 & 30.0-40.0 & 0.00650825 & +0.00035976  & -0.00035977  \\
\hline
11 & 40.0-50.0 & 0.00402494 & +0.00029006  & -0.00029010  \\
\hline
12 & 50.0-70.0 & 0.00215579 & +0.00014425  & -0.00014433  \\
\hline
13 & 70.0-90.0 & 0.00088889 & +0.00009576  & -0.00009582  \\
\hline
14 & 90.0-110.0 & 0.00040997 & +0.00006585  & -0.00006589  \\
\hline
15 & 110.0-150.0 & 0.00016520 & +0.00002831  & -0.00002832  \\
\hline
16 & 150.0-190.0 & 0.00007652 & +0.00001894  & -0.00001894  \\
\hline
17 & 190.0-250.0 & 0.00000898 & +0.00000627  & -0.00000627  \\
\hline
18 & 250.0-600.0 & 0.00000444 & +0.00000196  & -0.00000196  \\
\hline
