
Processing ZToMuMuXsecError_FidVolume_WeightedMean.C...
 18 Bin Zpt converting from NormalizedError to Error:	
37.73830651
51.90909092
50.87782647
45.67262039
42.90771899
37.08399969
34.94067954
31.16414903
39.24286448
29.21575055
23.35051068
22.96516712
15.17157318
10.51145234
9.04861946
6.17858718
3.03366012
5.61243486
0.00105518
0.00135422
0.00115714
0.00045697
0.00034962
0.00028205
0.00013820
0.00005546
0.00002776
0.00001897
0.00000615
0.00000196
converting 12 bin stat error from number to % 		
2.25096740
3.65419575
4.96519380
3.56077703
5.37194533
7.00756034
6.41064765
8.53978254
16.80388584
24.79209673
68.49817164
44.18683360
18 bin ZptSystBkg_plus[i] in %	1	0.43473871
18 bin ZptSystBkg_plus[i] in %	2	0.41775582
18 bin ZptSystBkg_plus[i] in %	3	0.41245941
18 bin ZptSystBkg_plus[i] in %	4	0.28932085
18 bin ZptSystBkg_plus[i] in %	5	0.29072740
18 bin ZptSystBkg_plus[i] in %	6	0.23080067
18 bin ZptSystBkg_plus[i] in %	7	0.14501006
18 bin ZptSystBkg_plus[i] in %	8	0.21913631
18 bin ZptSystBkg_plus[i] in %	9	0.01437886
18 bin ZptSystBkg_plus[i] in %	10	0.36492106
18 bin ZptSystBkg_plus[i] in %	11	0.77467021
18 bin ZptSystBkg_plus[i] in %	12	1.52473219
18 bin ZptSystBkg_plus[i] in %	13	2.66848106
18 bin ZptSystBkg_plus[i] in %	14	3.47101181
18 bin ZptSystBkg_plus[i] in %	15	3.49879179
18 bin ZptSystBkg_plus[i] in %	16	1.98650432
18 bin ZptSystBkg_plus[i] in %	17	6.12585275
18 bin ZptSystBkg_plus[i] in %	18	2.02898726

ZptSystBkg_plus 1,2,3 	0.43473871	0.41775582	0.41245941
Weighted mean of ZptSystBkg_plus 1,2,3 	0.41983158
Weighted mean of ZptSystBkg_plus 8,9 	0.06911630
ZptSystBkg_plus 8,9 	0.21913631	0.01437886	2.50000000	10.00000000	0.01715371	0.01175338	
Weighted mean of ZptSystBkg_plus 13,14 	2.92179052

ZptSystBkg_minus 1,2,3 	0.43027509	0.41345428	0.40827992
Weighted mean of ZptSystBkg_minus 1,2,3 	0.41553663
Weighted mean of ZptSystBkg_minus 13,14 	2.95258673
ZptSystEff_plus 1,2,3 	0.00581469	0.00377560	0.00061440
Weighted mean of ZptSystEff_plus 1,2,3 	0.00309251
Weighted mean of ZptSystEff_plus 13,14 	0.00238671
ZptSystEff_minus 1,2,3 	0.00177646	0.00160675	0.00457047
Weighted mean of ZptSystEff_minus 1,2,3 	0.00274123
Weighted mean of ZptSystEff_minus 13,14 	0.00107787
ZptSystFSRErr 1,2,3 	0.02549357	0.01834482	0.01122876
Weighted mean of ZptSystFSRErr 1,2,3 	0.01741447
Weighted mean of ZptSystFSRErr 13,14 	0.03310580
ZptUnfoldSyst_doubleGaussin_plus 1,2,3 	0.01820498	0.01480237	0.00853424
Weighted mean of ZptUnfoldSyst_doubleGaussin_plus 1,2,3 	0.01329587
Weighted mean of ZptUnfoldSyst_doubleGaussin_plus 13,14 	0.00130884
ZptUnfoldSyst_doubleGaussin_minus 1,2,3 	0.00256434	0.00280504	0.00579350
Weighted mean of ZptUnfoldSyst_doubleGaussin_minus 1,2,3 	0.00385123
Weighted mean of ZptUnfoldSyst_doubleGaussin_minus 13,14 	0.02263525
ZptUnfoldingShapeSyst_plus 1,2,3 	0.01198288	0.00930796	0.01492674
Weighted mean of ZptUnfoldingShapeSyst_plus 1,2,3 	0.01201733
Weighted mean of ZptUnfoldingShapeSyst_plus 13,14 	0.02155738
ZptUnfoldingShapeSyst_minus 1,2,3 	0.00841797	0.01680855	0.00701075
Weighted mean of ZptUnfoldingShapeSyst_minus 1,2,3 	0.01119959
Weighted mean of ZptUnfoldingShapeSyst_minus 13,14 	0.00153980
0.00090357	682.75700000	0.03338097	2.70684164	
0.00073026	1131.67000000	0.05532897	1.31985103	
0.00014385	1061.95000000	0.05192026	0.27705947	
0.00050344	789.87300000	0.03861803	1.30363994	
0.00050843	726.11100000	0.03550061	1.43217259	
0.00055764	492.81400000	0.02409438	2.31439823	
0.00029025	460.52400000	0.02251568	1.28910166	
0.00028008	350.85300000	0.01715371	1.63276661	
0.00004866	961.58900000	0.01175337	0.41400903	
0.00003656	532.46600000	0.00650826	0.56174796	
0.00004129	329.29600000	0.00402494	1.02585416	
0.00000561	352.74700000	0.00215579	0.26022962	
0.00000326	145.44800000	0.00088890	0.36674740	
0.00000273	67.08200000	0.00040997	0.66590740	
0.00000189	54.06260000	0.00016520	1.14406860	
0.00000011	25.04040000	0.00007652	0.14376018	
0.00000089	4.40732000	0.00000898	9.91274354	
0.00000002	12.70160000	0.00000444	0.45088606	
2.7068	 %
1.3199	 %
0.2771	 %
1.3036	 %
1.4322	 %
2.3144	 %
1.2891	 %
1.6328	 %
0.4140	 %
0.5617	 %
1.0259	 %
0.2602	 %
0.3667	 %
0.6659	 %
1.1441	 %
0.1438	 %
9.9127	 %
0.4509	 %
ZptMadgraphSyst_plus 1,2,3 	2.70684164	1.31985103	0.27705947
ZptAcceptSyst_plus 1,2,3 	0.40046769	0.30287930	0.13214495
Weighted mean of ZptAcceptSyst_plus 1,2,3 	0.26300899
Weighted mean of ZptAcceptSyst_plus 13,14 	0.78838267
ZptAcceptSyst_minus 1,2,3 	0.46676295	0.36169116	0.15308090
Weighted mean of ZptAcceptSyst_minus 1,2,3 	0.30961349
Weighted mean of ZptAcceptSyst_minus 13,14 	0.59821610
==================================================================
Zpt Total syst Errors 18 Bin as in Note in %:
Bin:	systplus	systminus
1	+2.74174181	-2.74095947
2	+1.38462385	-1.38332234
3	+0.49729953	-0.49364373
4	+1.33541690	-1.33475811
5	+1.46144860	-1.46089560
6	+2.32609533	-2.32585990
7	+1.29744470	-1.29741337
8	+1.64782330	-1.64750835
9	+0.41478802	-0.41465394
10	+0.66996506	-0.67197325
11	+1.28556438	-1.29041721
12	+1.54701089	-1.56252734
13	+2.69396949	-2.72183681
14	+3.53449248	-3.57044189
15	+3.68350242	-3.71833202
16	+2.00014438	-2.01311984
17	+11.65827341	-11.65788516
18	+2.09085654	-2.09089745
==================================================================
Zpt Total Uncertainty 18 Bin as in Note in %:
Bin:	errorplus	errorminus
1	+6.16997933	-6.16963172
2	+4.79137309	-4.79099714
3	+4.81672182	-4.81634576
4	+5.93447806	-5.93432985
5	+6.08728801	-6.08715526
6	+7.87626621	-7.87619668
7	+7.69729278	-7.69728750
8	+9.03395047	-9.03389303
9	+4.10206831	-4.10205475
10	+5.52762736	-5.52787112
11	+7.20663044	-7.20749770
12	+6.69165744	-6.69526163
13	+10.77319302	-10.78019535
14	+16.06323937	-16.07118779
15	+17.13783522	-17.14535503
16	+24.75540915	-24.75646090
17	+69.81262143	-69.81255659
18	+44.23627409	-44.23627602
======================Printing 12 bin Errors and X-sections============================================
 All systematics in %:
Bin:	+BkgSyst	-BkgSyst	+UnfShape	-UnfShape	+UnfDoubleGaus	-UnfDoubleGaus	+SystEff	-SystEff	
1	+ 0.41983158	- 0.41553663 | 	+ 0.01201733	- 0.01119959 | 	+ 0.01329587	- 0.00385123 | 	+ 0.00309251	- 0.00274123
2	+ 0.28999455	- 0.28702633 | 	+ 0.00292774	- 0.00781180 | 	+ 0.00668928	- 0.00371432 | 	+ 0.00216680	- 0.00095523
3	+ 0.18935825	- 0.18742734 | 	+ 0.00534219	- 0.01040548 | 	+ 0.00302939	- 0.00430379 | 	+ 0.00273117	- 0.00056211
4	+ 0.06911630	- 0.06838384 | 	+ 0.01170380	- 0.00815058 | 	+ 0.00331478	- 0.00232050 | 	+ 0.00175012	- 0.00150544
5	+ 0.36492106	- 0.36860869 | 	+ 0.00722160	- 0.00952636 | 	+ 0.00751353	- 0.00471708 | 	+ 0.00381054	- 0.00003073
6	+ 0.77467021	- 0.78262064 | 	+ 0.00198761	- 0.01118029 | 	+ 0.00273296	- 0.00228575 | 	+ 0.00052175	- 0.00106834
7	+ 1.52473219	- 1.54050368 | 	+ 0.00927735	- 0.00742188 | 	+ 0.00756104	- 0.00222656 | 	+ 0.00347901	- 0.00097412
8	+ 2.92179052	- 2.95258673 | 	+ 0.02155738	- 0.00153980 | 	+ 0.00130884	- 0.02263525 | 	+ 0.00238671	- 0.00107787
9	+ 3.49879179	- 3.53511143 | 	+ 0.00000000	- 0.04842618 | 	+ 0.00423729	- 0.00121065 | 	+ 0.00060533	- 0.00242131
10	+ 1.98650432	- 1.99957343 | 	+ 0.01306911	- 0.01306911 | 	+ 0.00130691	- 0.00392073 | 	+ 0.00784146	- 0.00522764
11	+ 6.12585275	- 6.12585275 | 	+ 0.12251705	- 0.00077965 | 	+ 0.00044552	- 0.07718574 | 	+ 0.01113791	- 0.01113791
12	+ 2.02898726	- 2.02898726 | 	+ 0.00022544	- 0.03066025 | 	+ 0.02772949	- 0.00000023 | 	+ 0.00002254	- 0.00002254
==================================================================
Bin:	SystFSR		+SystMadgraph	-SystMadgraph	
1	0.01741447 | 	+ 0.22550000	- 0.22550000 | 
2	0.00993003 | 	+ 0.00670000	- 0.00670000 | 
3	0.01081310 | 	+ 0.57370000	- 0.57370000 | 
4	0.02127256 | 	+ 0.13320000	- 0.13320000 | 
5	0.00138286 | 	+ 0.56160000	- 0.56160000 | 
6	0.01316790 | 	+ 1.02590000	- 1.02590000 | 
7	0.02365724 | 	+ 0.26070000	- 0.26070000 | 
8	0.03310580 | 	+ 0.46190000	- 0.46190000 | 
9	0.13317201 | 	+ 1.14410000	- 1.14410000 | 
10	0.18296750 | 	+ 0.14380000	- 0.14380000 | 
11	0.33413742 | 	+ 9.91090000	- 9.91090000 | 
12	0.22544303 | 	+ 0.45050000	- 0.45050000 | 
======= ZptSystBkg Put in note=======
 & 0.4198 & 0.2900 & 0.1894 & 0.0691 & 0.3649 & 0.7747 & 1.5247 & 2.9218 & 3.4988 & 1.9865 & 6.1259 & 2.0290 \\
 & 0.4155 & 0.2870 & 0.1874 & 0.0684 & 0.3686 & 0.7826 & 1.5405 & 2.9526 & 3.5351 & 1.9996 & 6.1259 & 2.0290 \\

======= ZptSystUnfShape Put in note=======
 & 0.0120 & 0.0029 & 0.0053 & 0.0117 & 0.0072 & 0.0020 & 0.0093 & 0.0216 & 0.0000 & 0.0131 & 0.1225 & 0.0002 \\
 & 0.0112 & 0.0078 & 0.0104 & 0.0082 & 0.0095 & 0.0112 & 0.0074 & 0.0015 & 0.0484 & 0.0131 & 0.0008 & 0.0307 \\

======= ZptUnfoldSyst_doubleGaussin Put in note=======
 & 0.0133 & 0.0067 & 0.0030 & 0.0033 & 0.0075 & 0.0027 & 0.0076 & 0.0013 & 0.0042 & 0.0013 & 0.0004 & 0.0277 \\
 & 0.0039 & 0.0037 & 0.0043 & 0.0023 & 0.0047 & 0.0023 & 0.0022 & 0.0226 & 0.0012 & 0.0039 & 0.0772 & 0.0000 \\

======= ZptSystEff Put in note=======
 & 0.0031 & 0.0022 & 0.0027 & 0.0018 & 0.0038 & 0.0005 & 0.0035 & 0.0024 & 0.0006 & 0.0078 & 0.0111 & 0.0000 \\
 & 0.0027 & 0.0010 & 0.0006 & 0.0015 & 0.0000 & 0.0011 & 0.0010 & 0.0011 & 0.0024 & 0.0052 & 0.0111 & 0.0000 \\

======= ZptMadgraphSyst Put in note=======
 & 0.2255 & 0.0067 & 0.5737 & 0.1332 & 0.5616 & 1.0259 & 0.2607 & 0.4619 & 1.1441 & 0.1438 & 9.9109 & 0.4505 \\

======= ZptSystFSRErr Put in note=======
 & 0.0174 & 0.0099 & 0.0108 & 0.0213 & 0.0014 & 0.0132 & 0.0237 & 0.0331 & 0.1332 & 0.1830 & 0.3341 & 0.2254 \\

==================================================================
 12 Bin Zpt Statistic Error in %:
Bin:	Statistic error in %
1	2.25096740
2	3.65419575
3	4.96519380
4	3.56077703
5	5.37194533
6	7.00756034
7	6.41064765
8	8.53978254
9	16.80388584
10	24.79209673
11	68.49817164
12	44.18683360
==================================================================
 12 Bin Zpt Total syst Errors in %:
Bin:	systplus12	systminus12
1	+0.47722409	-0.47325678
2	+0.29034178	-0.28740798
3	+0.60427670	-0.60374227
4	+0.15206201	-0.15147671
5	+0.66984101	-0.67184957
6	+1.28560096	-1.29045365
7	+1.54709009	-1.56260575
8	+2.95834068	-2.98876762
9	+3.68351217	-3.71834168
10	+2.00014724	-2.01312269
11	+11.65670593	-11.65631764
12	+2.09077332	-2.09081423
======= Put in note=======
 & 0.4772 & 0.2903 & 0.6043 & 0.1521 & 0.6698 & 1.2856 & 1.5471 & 2.9583 & 3.6835 & 2.0001 & 11.6567 & 2.0908 \\

 & 0.4733 & 0.2874 & 0.6037 & 0.1515 & 0.6718 & 1.2905 & 1.5626 & 2.9888 & 3.7183 & 2.0131 & 11.6563 & 2.0908 \\

==================================================================
 12 Bin Zpt Total Uncertainty in %:
Bin:	errorplus12	errorminus12
1	+2.30099914	-2.30017960
2	+3.66571206	-3.66548085
3	+5.00182964	-5.00176510
4	+3.56402244	-3.56399751
5	+5.41354631	-5.41379520
6	+7.12451204	-7.12538930
7	+6.59468658	-6.59834373
8	+9.03768031	-9.04768577
9	+17.20287306	-17.21036444
10	+24.87264861	-24.87369540
11	+69.48293540	-69.48287026
12	+44.23627015	-44.23627209
======= Put in note=======
 & 2.3010 & 3.6657 & 5.0018 & 3.5640 & 5.4138 & 7.1254 & 6.5983 & 9.0477 & 17.2104 & 24.8737 & 69.4829 & 44.2363 \\

==================================================================
 12 Bin Zpt Differential cross-section in Fiducial volume
Bin:	Value		 Total Uncertainty error	 Total Uncertainty error in %
1	20.81051242	+- 0.47884971			+- 2.30099914
2	16.45215693	+- 0.60308870			+- 3.66571206
3	10.34606327	+- 0.51749246			+- 5.00182964
4	5.69729014	+- 0.20305270			+- 3.56402244
5	2.88928319	+- 0.15641987			+- 5.41379520
6	1.78683597	+- 0.12731902			+- 7.12538930
7	0.95704325	+- 0.06314900			+- 6.59834373
8	0.28830919	+- 0.02608531			+- 9.04768577
9	0.07333903	+- 0.01262191			+- 17.21036444
10	0.03396874	+- 0.00844928			+- 24.87369540
11	0.00398586	+- 0.00276949			+- 69.48293540
12	0.00196919	+- 0.00087110			+- 44.23627209
==================================================================
 12 Bin Zpt Normalized Differential cross-section in Fiducial volume
Bin:	Value		 Total Uncertainty error	 Total Uncertainty error in %
1	0.04687673	+- 0.00107863			+- 2.30099914
2	0.03705932	+- 0.00135849			+- 3.66571206
3	0.02330503	+- 0.00116568			+- 5.00182964
4	0.01283343	+- 0.00045739			+- 3.56402244
5	0.00650826	+- 0.00035234			+- 5.41379520
6	0.00402494	+- 0.00028679			+- 7.12538930
7	0.00215579	+- 0.00014225			+- 6.59834373
8	0.00064943	+- 0.00005876			+- 9.04768577
9	0.00016520	+- 0.00002843			+- 17.21036444
10	0.00007652	+- 0.00001903			+- 24.87369540
11	0.00000898	+- 0.00000624			+- 69.48293540
12	0.00000444	+- 0.00000196			+- 44.23627209
