
Processing ZToMuMuXsecError_FidVolume_18Bin.C...
0.03338098
0.05532895
0.05192021
0.03861802
0.03550062
0.02409441
0.02251570
0.01715371
0.01175338
0.00650825
0.00402494
0.00215579
0.00088889
0.00040997
0.00016520
0.00007652
0.00000898
0.00000444
 18 Bin Zpt converting from Number to % Error:	
5.52733922
4.58694770
4.79098601
5.78227470
5.90924891
7.52494043
7.58715030
8.88239337
4.08103882
5.48688203
7.09103738
6.51037439
10.43098696
15.66943923
16.73728814
24.67328803
68.81959911
44.14414414
=======ZptStatErr Put in note=======
 & 5.53 & 4.59 & 4.79 & 5.78 & 5.91 & 7.52 & 7.59 & 8.88 & 4.08 & 5.49 & 7.09 & 6.51 & 10.43 & 15.67 & 16.74 & 24.67 & 68.82 & 44.14 \\

 & 5.53
 & 4.59
 & 4.79
 & 5.78
 & 5.91
 & 7.52
 & 7.59
 & 8.88
 & 4.08
 & 5.49
 & 7.09
 & 6.51
 & 10.43
 & 15.67
 & 16.74
 & 24.67
 & 68.82
 & 44.14
0.43473858
0.41775598
0.41245981
0.28932089
0.29072732
0.23080042
0.14500993
0.21913627
0.01437884
0.36492145
0.77466993
1.52473107
2.66849666
3.47098568
3.49878935
1.98640878
6.12472160
2.02702703
=======ZptSystBkg_plus Put in note horisontal=======
 & 0.43 & 0.42 & 0.41 & 0.29 & 0.29 & 0.23 & 0.15 & 0.22 & 0.01 & 0.36 & 0.77 & 1.52 & 2.67 & 3.47 & 3.50 & 1.99 & 6.12 & 2.03 \\

 & 0.43
 & 0.42
 & 0.41
 & 0.29
 & 0.29
 & 0.23
 & 0.15
 & 0.22
 & 0.01
 & 0.36
 & 0.77
 & 1.52
 & 2.67
 & 3.47
 & 3.50
 & 1.99
 & 6.12
 & 2.03
0.43027496
0.41345444
0.40828032
0.28634301
0.28776962
0.22843473
0.14354428
0.21686271
0.01420868
0.36860907
0.78262036
1.54050255
2.69662163
3.50757372
3.53510896
1.99947726
6.12472160
2.02702703
=======ZptSystBkg_minus Put in note=======
 & 0.43 & 0.41 & 0.41 & 0.29 & 0.29 & 0.23 & 0.14 & 0.22 & 0.01 & 0.37 & 0.78 & 1.54 & 2.70 & 3.51 & 3.54 & 2.00 & 6.12 & 2.03 \\

 & 0.43
 & 0.41
 & 0.41
 & 0.29
 & 0.29
 & 0.23
 & 0.14
 & 0.22
 & 0.01
 & 0.37
 & 0.78
 & 1.54
 & 2.70
 & 3.51
 & 3.54
 & 2.00
 & 6.12
 & 2.03
0.00581469
0.00377560
0.00061440
0.00235123
0.00196616
0.00254001
0.00293573
0.00402828
0.00091888
0.00381055
0.00052175
0.00347900
0.00157500
0.00414664
0.00060533
0.00784109
0.01113586
0.00002252
=======ZptSystEff_plus Put in note=======
 & 0.01 & 0.00 & 0.00 & 0.00 & 0.00 & 0.00 & 0.00 & 0.00 & 0.00 & 0.00 & 0.00 & 0.00 & 0.00 & 0.00 & 0.00 & 0.01 & 0.01 & 0.00 \\

 & 0.01
 & 0.00
 & 0.00
 & 0.00
 & 0.00
 & 0.00
 & 0.00
 & 0.00
 & 0.00
 & 0.00
 & 0.00
 & 0.00
 & 0.00
 & 0.00
 & 0.00
 & 0.01
 & 0.01
 & 0.00
0.00177646
0.00160675
0.00457047
0.00152778
0.00033239
0.00095043
0.00014656
0.00010493
0.00201644
0.00003073
0.00106834
0.00097412
0.00123750
0.00073176
0.00242131
0.00522739
0.01113586
0.00002252
=======ZptSystEff_minus Put in note=======
 & 0.00 & 0.00 & 0.00 & 0.00 & 0.00 & 0.00 & 0.00 & 0.00 & 0.00 & 0.00 & 0.00 & 0.00 & 0.00 & 0.00 & 0.00 & 0.01 & 0.01 & 0.00 \\

 & 0.00
 & 0.00
 & 0.00
 & 0.00
 & 0.00
 & 0.00
 & 0.00
 & 0.00
 & 0.00
 & 0.00
 & 0.00
 & 0.00
 & 0.00
 & 0.00
 & 0.00
 & 0.01
 & 0.01
 & 0.00
0.02549356
0.01834483
0.01122877
0.00719871
0.01290118
0.03133507
0.02162935
0.03503615
0.01625064
0.00138286
0.01316790
0.02365722
0.04387495
0.00975681
0.13317191
0.18295870
0.33407572
0.22522523
=======ZptSystFSRErr Put in note=======
 & 0.03 & 0.02 & 0.01 & 0.01 & 0.01 & 0.03 & 0.02 & 0.04 & 0.02 & 0.00 & 0.01 & 0.02 & 0.04 & 0.01 & 0.13 & 0.18 & 0.33 & 0.23 \\

 & 0.03
 & 0.02
 & 0.01
 & 0.01
 & 0.01
 & 0.03
 & 0.02
 & 0.04
 & 0.02
 & 0.00
 & 0.01
 & 0.02
 & 0.04
 & 0.01
 & 0.13
 & 0.18
 & 0.33
 & 0.23
0.01820498
0.01480238
0.00853425
0.00878864
0.00440556
0.00415449
0.00182539
0.00827226
0.00150595
0.00751354
0.00273296
0.00756103
0.00112500
0.00170744
0.00423729
0.00130685
0.00044543
0.02770270
=======ZptUnfoldSyst_doubleGaussin_plus Put in note=======
 & 0.02 & 0.01 & 0.01 & 0.01 & 0.00 & 0.00 & 0.00 & 0.01 & 0.00 & 0.01 & 0.00 & 0.01 & 0.00 & 0.00 & 0.00 & 0.00 & 0.00 & 0.03 \\

 & 0.02
 & 0.01
 & 0.01
 & 0.01
 & 0.00
 & 0.00
 & 0.00
 & 0.01
 & 0.00
 & 0.01
 & 0.00
 & 0.01
 & 0.00
 & 0.00
 & 0.00
 & 0.00
 & 0.00
 & 0.03
0.00256433
0.00280504
0.00579351
0.00546895
0.00180560
0.00425825
0.00435252
0.00077534
0.00288428
0.00471709
0.00228575
0.00222656
0.01664998
0.03561236
0.00121065
0.00392054
0.07717149
0.00000023
=======ZptUnfoldSyst_doubleGaussin_minus Put in note=======
 & 0.00 & 0.00 & 0.01 & 0.01 & 0.00 & 0.00 & 0.00 & 0.00 & 0.00 & 0.00 & 0.00 & 0.00 & 0.02 & 0.04 & 0.00 & 0.00 & 0.08 & 0.00 \\

 & 0.00
 & 0.00
 & 0.01
 & 0.01
 & 0.00
 & 0.00
 & 0.00
 & 0.00
 & 0.00
 & 0.00
 & 0.00
 & 0.00
 & 0.02
 & 0.04
 & 0.00
 & 0.00
 & 0.08
 & 0.00
0.01198287
0.00930797
0.01492675
0.00447977
0.00123941
0.00240720
0.00848297
0.00787002
0.01310261
0.00722160
0.00198761
0.00927734
0.01574998
0.03414884
0.00000000
0.01306848
0.12249443
0.00022523
=======ZptUnfoldingShapeSyst_plus Put in note=======
 & 0.01 & 0.01 & 0.01 & 0.00 & 0.00 & 0.00 & 0.01 & 0.01 & 0.01 & 0.01 & 0.00 & 0.01 & 0.02 & 0.03 & 0.00 & 0.01 & 0.12 & 0.00 \\

 & 0.01
 & 0.01
 & 0.01
 & 0.00
 & 0.00
 & 0.00
 & 0.01
 & 0.01
 & 0.01
 & 0.01
 & 0.00
 & 0.01
 & 0.02
 & 0.03
 & 0.00
 & 0.01
 & 0.12
 & 0.00
0.00841797
0.01680856
0.00701076
0.00507535
0.01078854
0.00128661
0.02016371
0.00996869
0.00748721
0.00952637
0.01118029
0.00742187
0.00225000
0.00000000
0.04842615
0.01306848
0.00077951
0.03063063
=======ZptUnfoldingShapeSyst_minus Put in note=======
 & 0.01 & 0.02 & 0.01 & 0.01 & 0.01 & 0.00 & 0.02 & 0.01 & 0.01 & 0.01 & 0.01 & 0.01 & 0.00 & 0.00 & 0.05 & 0.01 & 0.00 & 0.03 \\

 & 0.01
 & 0.02
 & 0.01
 & 0.01
 & 0.01
 & 0.00
 & 0.02
 & 0.01
 & 0.01
 & 0.01
 & 0.01
 & 0.01
 & 0.00
 & 0.00
 & 0.05
 & 0.01
 & 0.00
 & 0.03
2.70684084	 %
1.31985154	 %
0.27705974	 %
1.30364011	 %
1.43217217	 %
2.31439575	 %
1.28910049	 %
1.63276632	 %
0.41400857	 %
0.56174855	 %
1.02585380	 %
0.26022943	 %
0.36674954	 %
0.66590238	 %
1.14406780	 %
0.14375327	 %
9.91091314	 %
0.45045045	 %
=======ZptMadgraphSyst_plus Put in note=======
 & 2.71 & 1.32 & 0.28 & 1.30 & 1.43 & 2.31 & 1.29 & 1.63 & 0.41 & 0.56 & 1.03 & 0.26 & 0.37 & 0.67 & 1.14 & 0.14 & 9.91 & 0.45 \\

 & 2.71
 & 1.32
 & 0.28
 & 1.30
 & 1.43
 & 2.31
 & 1.29
 & 1.63
 & 0.41
 & 0.56
 & 1.03
 & 0.26
 & 0.37
 & 0.67
 & 1.14
 & 0.14
 & 9.91
 & 0.45
==================================================================
Zpt Total syst Errors 18 Bin as in Note in %:
Bin:	systplus	systminus
1	+2.74174100	-2.74095866
2	+1.38462439	-1.38332288
3	+0.49730001	-0.49364422
4	+1.33541708	-1.33475829
5	+1.46144817	-1.46089517
6	+2.32609284	-2.32585741
7	+1.29744353	-1.29741220
8	+1.64782302	-1.64750806
9	+0.41478756	-0.41465348
10	+0.66996577	-0.67197396
11	+1.28556393	-1.29041676
12	+1.54700976	-1.56252620
13	+2.69398524	-2.72185273
14	+3.53446588	-3.57041502
15	+3.68349984	-3.71832942
16	+2.00004818	-2.01302302
17	+11.65612070	-11.65573252
18	+2.08883653	-2.08887741
=======systplus Put in note=======
 & 2.74 & 1.38 & 0.50 & 1.34 & 1.46 & 2.33 & 1.30 & 1.65 & 0.41 & 0.67 & 1.29 & 1.55 & 2.69 & 3.53 & 3.68 & 2.00 & 11.66 & 2.09 \\

=======systminus Put in note=======
 & 2.74 & 1.38 & 0.49 & 1.33 & 1.46 & 2.33 & 1.30 & 1.65 & 0.41 & 0.67 & 1.29 & 1.56 & 2.72 & 3.57 & 3.72 & 2.01 & 11.66 & 2.09 \\

==================================================================
Zpt Total Uncertainty 18 Bin as in Note in %:
Bin:	errorplus	errorminus
1	+6.16997752	-6.16962991
2	+4.79137495	-4.79099900
3	+4.81672651	-4.81635044
4	+5.93447887	-5.93433066
5	+6.08728621	-6.08715347
6	+7.87625777	-7.87618824
7	+7.69728584	-7.69728056
8	+9.03394890	-9.03389146
9	+4.10206369	-4.10205014
10	+5.52763318	-5.52787694
11	+7.20662791	-7.20749517
12	+6.69165255	-6.69525674
13	+10.77325603	-10.78025840
14	+16.06311846	-16.07106683
15	+17.13782323	-17.14534303
16	+24.75421853	-24.75527022
17	+69.79973045	-69.79966563
18	+44.19353686	-44.19353879
=======Total uncertainty errorplus Put in note=======
 & 6.17 & 4.79 & 4.82 & 5.93 & 6.09 & 7.88 & 7.70 & 9.03 & 4.10 & 5.53 & 7.21 & 6.69 & 10.77 & 16.06 & 17.14 & 24.75 & 69.80 & 44.19 \\

=======Total uncertainty errorminus Put in note=======
 & 6.17 & 4.79 & 4.82 & 5.93 & 6.09 & 7.88 & 7.70 & 9.03 & 4.10 & 5.53 & 7.21 & 6.70 & 10.78 & 16.07 & 17.15 & 24.76 & 69.80 & 44.19 \\

=======Total uncertainty TMath::Max(errorplus,errorminus) Put in note=======
 & 6.17 & 4.79 & 4.82 & 5.93 & 6.09 & 7.88 & 7.70 & 9.03 & 4.10 & 5.53 & 7.21 & 6.70 & 10.78 & 16.07 & 17.15 & 24.76 & 69.80 & 44.19 \\

